ARM Linker, RVCT3.1 [Build 569] 

================================================================================

Section Cross References

    image2dlms.o(init) refers to ql_Main.o(.text) for ql_main
    ql_func.o(.text) refers to ql_func.o(.data) for .data
    ql_func.o(.text) refers to ql_Main.o(.data) for Ql_DebugTrace
    ql_Main.o(.text) refers to rt_memclr_w.o(.text) for __aeabi_memclr4
    ql_Main.o(.text) refers to lib_init.o(.text) for __rt_lib_init
    ql_Main.o(.text) refers to ql_func.o(.text) for Ql_memset
    ql_Main.o(.text) refers to entry.o(.text) for ql_entry
    ql_Main.o(.text) refers to ql_Main.o(.data) for .data
    ql_Main.o(.text) refers to ql_func.o(.data) for m_create_api_hash
    ql_Main.o(.text) refers to ql_Main.o(.bss) for .bss
    ql_Main.o(GABADISP) refers to ql_Main.o(.text) for ql_main
    ql_Main.o(GABADISP) refers to image2dlms.o(init) for funcRegionInit
    ql_Main.o(GABADISP) refers to config.o(.constdata) for qlOpenCPUHeapMemSize
    ql_Main.o(GABADISP) refers to config.o(.bss) for qlOpenCPUHeapMem
    ql_Main.o(GABADISP) refers to config.o(.constdata) for qlMainTaskStackSize
    ql_Main.o(GABADISP) refers to config.o(.constdata) for qlMainTaskPriority
    ql_Main.o(GABADISP) refers to config.o(.constdata) for qlMainTaskExtqsize
    ql_Main.o(GABADISP) refers to gpio.o(.constdata) for Customer_user_qlconfig
    ql_Main.o(GABADISP) refers to gpio.o(.constdata) for Customer_QlPinConfigTable
    ql_Main.o(GABADISP) refers to config.o(.data) for SubMutitaskArray
    ql_Main.o(GABADISP) refers to ql_Main.o(.conststrlit) for .conststrlit
    entry.o(.text) refers to ql_func.o(.text) for Ql_MillisecondToTicks
    entry.o(.text) refers to mgpio.o(.text) for SetModeGpio
    entry.o(.text) refers to transport.o(.text) for InitNetwork
    entry.o(.text) refers to global.o(.text) for GetTextTime
    entry.o(.text) refers to utils.o(.text) for SetDefaultSettins
    entry.o(.text) refers to events.o(.text) for TrigerEvent
    entry.o(.text) refers to entry.o(.data) for .data
    entry.o(.text) refers to global.o(.bss) for __debug_buffer
    entry.o(.text) refers to ql_Main.o(.data) for Ql_sprintf
    entry.o(.text) refers to entry.o(.bss) for .bss
    entry.o(.text) refers to events.o(.data) for __countRepeat
    entry.o(.text) refers to transport.o(.data) for nSTATE
    transport.o(.text) refers to ql_func.o(.text) for Ql_memset
    transport.o(.text) refers to global.o(.text) for GetTextTime
    transport.o(.text) refers to switch8.o(.text) for __ARM_switch8
    transport.o(.text) refers to files.o(.text) for ReadEvents
    transport.o(.text) refers to events.o(.text) for unreplace
    transport.o(.text) refers to entry.o(.data) for __debug
    transport.o(.text) refers to global.o(.bss) for __debug_buffer
    transport.o(.text) refers to ql_Main.o(.data) for Ql_sprintf
    transport.o(.text) refers to transport.o(.data) for .data
    transport.o(.text) refers to entry.o(.bss) for __settings
    transport.o(.text) refers to entry.o(.data) for __numPacket
    transport.o(.text) refers to events.o(.bss) for __SendBuffer
    transport.o(.text) refers to transport.o(.bss) for .bss
    transport.o(.data) refers to transport.o(.text) for Cbnetwork_actived
    events.o(.text) refers to ql_func.o(.text) for Ql_memcpy
    events.o(.text) refers to global.o(.text) for GetTextTime
    events.o(.text) refers to events.o(.constdata) for .constdata
    events.o(.text) refers to mgpio.o(.data) for __pins
    events.o(.text) refers to entry.o(.bss) for __settings
    events.o(.text) refers to entry.o(.data) for __numPacket
    events.o(.text) refers to events.o(.bss) for .bss
    events.o(.text) refers to entry.o(.data) for __debug
    events.o(.text) refers to global.o(.bss) for __debug_buffer
    events.o(.text) refers to ql_Main.o(.data) for Ql_sprintf
    events.o(.text) refers to transport.o(.data) for __waitConfirm
    events.o(.text) refers to files.o(.text) for ConfirmMsg
    events.o(.text) refers to events.o(.data) for .data
    utils.o(.text) refers to ql_func.o(.text) for Ql_FileOpenEx
    utils.o(.text) refers to global.o(.text) for GetTextTime
    utils.o(.text) refers to global.o(.bss) for __debug_buffer
    utils.o(.text) refers to ql_Main.o(.data) for Ql_sprintf
    utils.o(.text) refers to entry.o(.data) for __debug
    utils.o(.text) refers to entry.o(.bss) for __settings
    utils.o(.text) refers to utils.o(.constdata) for .constdata
    utils.o(.text) refers to utils.o(.data) for .data
    utils.o(.text) refers to utils.o(.bss) for .bss
    mgpio.o(.text) refers to ql_func.o(.text) for Ql_pinRead
    mgpio.o(.text) refers to switch8.o(.text) for __ARM_switch8
    mgpio.o(.text) refers to global.o(.text) for GetTextTime
    mgpio.o(.text) refers to events.o(.text) for TrigerEvent
    mgpio.o(.text) refers to files.o(.text) for WriteEvents
    mgpio.o(.text) refers to mgpio.o(.data) for .data
    mgpio.o(.text) refers to entry.o(.data) for __debug
    mgpio.o(.text) refers to global.o(.bss) for __debug_buffer
    mgpio.o(.text) refers to ql_Main.o(.data) for Ql_sprintf
    files.o(.text) refers to ql_func.o(.text) for Ql_FileGetSize
    files.o(.text) refers to global.o(.text) for GetTextTime
    files.o(.text) refers to aeabi_sdiv.o(.text_udiv) for __aeabi_uidivmod
    files.o(.text) refers to events.o(.text) for BuildEventMessage
    files.o(.text) refers to files.o(.data) for .data
    files.o(.text) refers to files.o(.bss) for .bss
    files.o(.text) refers to ql_Main.o(.data) for Ql_DebugTrace
    files.o(.text) refers to entry.o(.data) for __debug
    files.o(.text) refers to global.o(.bss) for __debug_buffer
    files.o(.data) refers to files.o(.conststring) for .conststring
    global.o(.text) refers to ql_func.o(.text) for Ql_GetLocalTime
    global.o(.text) refers to global.o(.bss) for .bss
    global.o(.text) refers to ql_Main.o(.data) for Ql_sprintf
    config.o(.data) refers to entry.o(.text) for ztp_subtask_1
    aeabi_sdiv.o(.text_udiv) refers to aeabi_sdiv.o(.text) for __arm_div4
    aeabi_sdiv_div0.o(.text_udiv) refers to aeabi_sdiv_div0.o(.text) for __arm_div4
    lib_init.o(.emb_text) refers to _get_argv.o(.text) for __ARM_get_argv
    lib_init.o(.text) refers to fpinit.o(x$fpl$fpinit) for _fp_init
    lib_init.o(.text) refers to lib_init.o(.emb_text) for __ARM_argv_veneer
    lib_init.o(.text) refers to rt_locale_intlibspace.o(.text) for __rt_locale
    aeabi_idiv0_sigfpe.o(.text) refers to rt_div0.o(.text) for __rt_div0
    rt_locale.o(.text) refers to rt_locale.o(.bss) for __rt_locale_data
    rt_locale_intlibspace.o(.text) refers (Weak) to libspace.o(.bss) for __libspace_start
    rt_locale_onelibspace.o(.text) refers (Weak) to libspace.o(.text) for __user_libspace
    rt_locale_twolibspace.o(.text) refers (Weak) to libspace.o(.text) for __user_perproc_libspace
    _get_argv.o(.text) refers to heapext.o(.text) for __heap_extend
    _get_argv.o(.text) refers to defsig_rtmem_outer.o(.text) for __rt_SIGRTMEM
    _get_argv.o(.text) refers to sys_command.o(.text) for _sys_command_string
    _get_argv.o(.text) refers (Special) to hrguard.o(.text) for __heap_region_guard
    fpinit.o(x$fpl$fpinit) refers to rt_fp_status_addr_intlibspace.o(.text) for __rt_fp_status_addr
    sys_command.o(.text) refers (Special) to use_no_semi.o(.text) for __I_use_semihosting
    rt_div0.o(.text) refers to defsig_fpe_outer.o(.text) for __rt_SIGFPE
    rt_fp_status_addr.o(.text) refers to rt_fp_status_addr.o(.bss) for __rt_fp_status_addr_data
    rt_fp_status_addr_intlibspace.o(.text) refers (Weak) to libspace.o(.bss) for __libspace_start
    rt_fp_status_addr_onelibspace.o(.text) refers (Weak) to libspace.o(.text) for __user_libspace
    rt_fp_status_addr_twolibspace.o(.text) refers (Weak) to libspace.o(.text) for __user_perthread_libspace
    defsig_rtmem_outer.o(.text) refers to defsig_rtmem_inner.o(.text) for __rt_SIGRTMEM_inner
    defsig_rtmem_outer.o(.text) refers to defsig_exit.o(.text) for __sig_exit
    defsig_rtmem_formal.o(.text) refers to rt_raise.o(.text) for __rt_raise
    defsig_rtmem_formal.o(.text) refers (Special) to defsig_rtmem_inner.o(.text) for __rt_SIGRTMEM_inner
    heapext.o(.text) refers to stkheap1.o(.text) for __rt_heap_extend
    rt_raise.o(.text) refers to __raise.o(.text) for __raise
    rt_raise.o(.text) refers to sys_exit.o(.text) for _sys_exit
    defsig_exit.o(.text) refers to sys_exit.o(.text) for _sys_exit
    defsig_fpe_outer.o(.text) refers to defsig_fpe_inner.o(.text) for __rt_SIGFPE_inner
    defsig_fpe_outer.o(.text) refers to defsig_exit.o(.text) for __sig_exit
    defsig_fpe_formal.o(.text) refers to rt_raise.o(.text) for __rt_raise
    defsig_fpe_formal.o(.text) refers (Special) to defsig_fpe_inner.o(.text) for __rt_SIGFPE_inner
    defsig_rtmem_inner.o(.text) refers to defsig_general.o(.text) for __default_signal_display
    stkheap1.o(.text) refers to sys_stackheap_outer.o(.text) for __user_setup_stackheap
    stkheap1.o(.text) refers to rt_stackheap_storage_intlibspace.o(.text) for __rt_stackheap_storage
    stkheap2.o(.text) refers to sys_stackheap_outer.o(.text) for __user_setup_stackheap
    stkheap2.o(.text) refers to rt_stackheap_storage_intlibspace.o(.text) for __rt_stackheap_storage
    sys_exit.o(.text) refers to use_no_semi.o(.text) for __I_use_semihosting
    sys_stackheap_outer.o(.text) refers to libspace.o(.text) for __user_perproc_libspace
    sys_stackheap_outer.o(.text) refers to sys_stackheap.o(.text) for __user_initial_stackheap
    rt_stackheap_storage.o(.text) refers to rt_stackheap_storage.o(.bss) for __rt_stackheap_storage_data
    rt_stackheap_storage_intlibspace.o(.text) refers (Weak) to libspace.o(.bss) for __libspace_start
    rt_stackheap_storage_onelibspace.o(.text) refers (Weak) to libspace.o(.text) for __user_libspace
    rt_stackheap_storage_twolibspace.o(.text) refers (Weak) to libspace.o(.text) for __user_perproc_libspace
    __raise.o(.text) refers to defsig.o(CL$$defsig) for __default_signal_handler
    defsig_general.o(.text) refers to sys_wrch.o(.text) for _ttywrch
    defsig_fpe_inner.o(.text) refers to defsig_general.o(.text) for __default_signal_display
    sys_wrch.o(.text) refers (Special) to use_no_semi.o(.text) for __I_use_semihosting
    sys_stackheap.o(.text) refers to use_no_semi.o(.text) for __I_use_semihosting
    libspace.o(.text) refers to libspace.o(.bss) for __libspace_start
    defsig.o(CL$$defsig) refers (Weak) to defsig_fpe_inner.o(.text) for __rt_SIGFPE_inner
    defsig.o(CL$$defsig) refers (Weak) to defsig_rtmem_inner.o(.text) for __rt_SIGRTMEM_inner


================================================================================

Image Symbol Table

    Local Symbols

    Symbol Name                              Value     Ov Type        Size  Object(Section)

    ../../angel/rt.s                         0x00000000   Number         0  rt_stackheap_storage_onelibspace.o ABSOLUTE
    ../../angel/rt.s                         0x00000000   Number         0  rt_fp_status_addr_twolibspace.o ABSOLUTE
    ../../angel/rt.s                         0x00000000   Number         0  aeabi_idiv0.o ABSOLUTE
    ../../angel/rt.s                         0x00000000   Number         0  aeabi_idiv0_sigfpe.o ABSOLUTE
    ../../angel/rt.s                         0x00000000   Number         0  rt_locale.o ABSOLUTE
    ../../angel/rt.s                         0x00000000   Number         0  rt_locale_intlibspace.o ABSOLUTE
    ../../angel/rt.s                         0x00000000   Number         0  rt_locale_onelibspace.o ABSOLUTE
    ../../angel/rt.s                         0x00000000   Number         0  rt_stackheap_storage_twolibspace.o ABSOLUTE
    ../../angel/rt.s                         0x00000000   Number         0  rt_locale_twolibspace.o ABSOLUTE
    ../../angel/rt.s                         0x00000000   Number         0  rt_stackheap_storage_intlibspace.o ABSOLUTE
    ../../angel/rt.s                         0x00000000   Number         0  rt_stackheap_storage.o ABSOLUTE
    ../../angel/rt.s                         0x00000000   Number         0  rt_div0.o ABSOLUTE
    ../../angel/rt.s                         0x00000000   Number         0  rt_fp_status_addr.o ABSOLUTE
    ../../angel/rt.s                         0x00000000   Number         0  rt_fp_status_addr_intlibspace.o ABSOLUTE
    ../../angel/rt.s                         0x00000000   Number         0  rt_raise.o ABSOLUTE
    ../../angel/rt.s                         0x00000000   Number         0  rt_fp_status_addr_onelibspace.o ABSOLUTE
    ../../angel/sys.s                        0x00000000   Number         0  libspace.o ABSOLUTE
    ../../angel/sys.s                        0x00000000   Number         0  sys_stackheap.o ABSOLUTE
    ../../angel/sys.s                        0x00000000   Number         0  sys_stackheap_outer.o ABSOLUTE
    ../../angel/sys.s                        0x00000000   Number         0  sys_exit.o ABSOLUTE
    ../../angel/sys.s                        0x00000000   Number         0  use_no_semi.o ABSOLUTE
    ../../angel/sysapp.c                     0x00000000   Number         0  sys_wrch.o ABSOLUTE
    ../../angel/sysapp.c                     0x00000000   Number         0  sys_command.o ABSOLUTE
    ../../armsys.c                           0x00000000   Number         0  lib_init.o ABSOLUTE
    ../../armsys.c                           0x00000000   Number         0  _get_argv.o ABSOLUTE
    ../../armsys.c                           0x00000000   Number         0  no_argv.o ABSOLUTE
    ../../armsys.c                           0x00000000   Number         0  lib_init.o ABSOLUTE
    ../../division.s                         0x00000000   Number         0  aeabi_sdiv_div0.o ABSOLUTE
    ../../division.s                         0x00000000   Number         0  aeabi_sdiv.o ABSOLUTE
    ../../divrt.s                            0x00000000   Number         0  divrt_9e_div0.o ABSOLUTE
    ../../divrt.s                            0x00000000   Number         0  divrt_9e.o ABSOLUTE
    ../../fpinit.s                           0x00000000   Number         0  fpinit.o ABSOLUTE
    ../../heapalloc.c                        0x00000000   Number         0  hrguard.o ABSOLUTE
    ../../memcpset.s                         0x00000000   Number         0  rt_memclr_w.o ABSOLUTE
    ../../signal.c                           0x00000000   Number         0  defsig_exit.o ABSOLUTE
    ../../signal.c                           0x00000000   Number         0  defsig_rtmem_formal.o ABSOLUTE
    ../../signal.c                           0x00000000   Number         0  defsig_fpe_formal.o ABSOLUTE
    ../../signal.c                           0x00000000   Number         0  defsig_rtmem_inner.o ABSOLUTE
    ../../signal.c                           0x00000000   Number         0  __raise.o ABSOLUTE
    ../../signal.c                           0x00000000   Number         0  defsig_general.o ABSOLUTE
    ../../signal.c                           0x00000000   Number         0  defsig_fpe_inner.o ABSOLUTE
    ../../signal.c                           0x00000000   Number         0  defsig_fpe_outer.o ABSOLUTE
    ../../signal.c                           0x00000000   Number         0  defsig_rtmem_outer.o ABSOLUTE
    ../../signal.s                           0x00000000   Number         0  defsig.o ABSOLUTE
    ../../stkheap.s                          0x00000000   Number         0  heapext.o ABSOLUTE
    ../../stkheap1.s                         0x00000000   Number         0  stkheap1.o ABSOLUTE
    ../../stkheap2.s                         0x00000000   Number         0  stkheap2.o ABSOLUTE
    ../../unhosted.s                         0x00000000   Number         0  switch8.o ABSOLUTE
    config.c                                 0x00000000   Number         0  config.o ABSOLUTE
    dc.s                                     0x00000000   Number         0  dc.o ABSOLUTE
    entry.c                                  0x00000000   Number         0  entry.o ABSOLUTE
    events.c                                 0x00000000   Number         0  events.o ABSOLUTE
    files.c                                  0x00000000   Number         0  files.o ABSOLUTE
    global.c                                 0x00000000   Number         0  global.o ABSOLUTE
    gpio.c                                   0x00000000   Number         0  gpio.o ABSOLUTE
    image2dlms.s                             0x00000000   Number         0  image2dlms.o ABSOLUTE
    mgpio.c                                  0x00000000   Number         0  mgpio.o ABSOLUTE
    ql_Main.c                                0x00000000   Number         0  ql_Main.o ABSOLUTE
    ql_func.c                                0x00000000   Number         0  ql_func.o ABSOLUTE
    transport.c                              0x00000000   Number         0  transport.o ABSOLUTE
    utils.c                                  0x00000000   Number         0  utils.o ABSOLUTE
    .data                                    0x00200000   Section     1128  ql_func.o(.data)
    api_notsup                               0x00200450   Data          24  ql_func.o(.data)
    .data                                    0x00200468   Section       12  ql_Main.o(.data)
    init_size                                0x00200470   Data           4  ql_Main.o(.data)
    .data                                    0x00200474   Section        8  entry.o(.data)
    .data                                    0x0020047c   Section        2  entry.o(.data)
    .data                                    0x00200480   Section        4  entry.o(.data)
    .data                                    0x00200484   Section       40  transport.o(.data)
    .data                                    0x002004ac   Section        4  transport.o(.data)
    .data                                    0x002004b0   Section        2  transport.o(.data)
    .data                                    0x002004b4   Section        8  events.o(.data)
    .data                                    0x002004bc   Section        2  events.o(.data)
    .data                                    0x002004c0   Section        8  utils.o(.data)
    last@strtok_0                            0x002004c4   Data           4  utils.o(.data)
    .data                                    0x002004c8   Section        6  mgpio.o(.data)
    .data                                    0x002004d0   Section        8  files.o(.data)
    .data                                    0x002004d8   Section       48  config.o(.data)
    .bss                                     0x00200508   Section       12  ql_Main.o(.bss)
    .bss                                     0x00200514   Section     3208  entry.o(.bss)
    .bss                                     0x0020119c   Section     1024  transport.o(.bss)
    .bss                                     0x0020159c   Section     8192  events.o(.bss)
    .bss                                     0x0020359c   Section      100  utils.o(.bss)
    .bss                                     0x00203600   Section      100  files.o(.bss)
    .bss                                     0x00203664   Section      100  global.o(.bss)
    .bss                                     0x002036c8   Section    10240  config.o(.bss)
    GABADISP                                 0x08540000   Section       44  ql_Main.o(GABADISP)
    .text                                    0x0854002c   Section    20116  ql_func.o(.text)
    .text                                    0x08544ec0   Section      268  ql_Main.o(.text)
    .text                                    0x08544fcc   Section     1404  entry.o(.text)
    .text                                    0x08545548   Section     2156  transport.o(.text)
    .text                                    0x08545db4   Section     2060  events.o(.text)
    .text                                    0x085465c0   Section     1936  utils.o(.text)
    .text                                    0x08546d50   Section      620  mgpio.o(.text)
    .text                                    0x08546fbc   Section      884  files.o(.text)
    .text                                    0x08547330   Section       68  global.o(.text)
    .text                                    0x08547374   Section      384  aeabi_sdiv.o(.text)
    __arm_div8                               0x085473a0   ARM Code       0  aeabi_sdiv.o(.text)
    __arm_div4                               0x085473d0   ARM Code       0  aeabi_sdiv.o(.text)
    __arm_div_large                          0x08547424   ARM Code       0  aeabi_sdiv.o(.text)
    .text                                    0x085474f4   Section       24  switch8.o(.text)
    .text_udiv                               0x0854750c   Section       28  aeabi_sdiv.o(.text_udiv)
    init                                     0x08547528   Section      156  image2dlms.o(init)
    DummyLabel                               0x08547598   ARM Code       0  image2dlms.o(init)
    .constdata                               0x085475c4   Section      653  events.o(.constdata)
    Crc16Table                               0x085475c4   Data         512  events.o(.constdata)
    .constdata                               0x08547854   Section      119  utils.o(.constdata)
    .constdata                               0x085478cc   Section        4  config.o(.constdata)
    .constdata                               0x085478d0   Section        4  config.o(.constdata)
    .constdata                               0x085478d4   Section        4  config.o(.constdata)
    .constdata                               0x085478d8   Section        4  config.o(.constdata)
    .constdata                               0x085478dc   Section       36  gpio.o(.constdata)
    .constdata                               0x08547900   Section     1032  gpio.o(.constdata)
    .conststring                             0x08547d08   Section       11  files.o(.conststring)
    .conststrlit                             0x08547d13   Section       23  ql_Main.o(.conststrlit)

    Global Symbols

    Symbol Name                              Value     Ov Type        Size  Object(Section)

    BuildAttributes$$THM_ISAv2$ARM_ISAv5$M$E$P$J$S$PE$A:L22$X:L11$S22$IEEE1$IW$USESV6$~STKCKD$USESV7$~SHL$OSPACE$EBA8$STANDARDLIB$REQ8$PRES8$EABIv2 0x00000000   Number         0  anon$$obj.o ABSOLUTE
    Image$$ZI$$Limit                          - Undefined Weak Reference
    __ARM_exceptions_init                     - Undefined Weak Reference
    __Heap_DescSize                           - Undefined Weak Reference
    __alloca_initialize                       - Undefined Weak Reference
    __cpp_initialize__aeabi_                  - Undefined Weak Reference
    __cxa_finalize                            - Undefined Weak Reference
    __rt_SIGABRT_inner                        - Undefined Weak Reference
    __rt_SIGCPPL_inner                        - Undefined Weak Reference
    __rt_SIGILL_inner                         - Undefined Weak Reference
    __rt_SIGINT_inner                         - Undefined Weak Reference
    __rt_SIGPVFN_inner                        - Undefined Weak Reference
    __rt_SIGRTRED_inner                       - Undefined Weak Reference
    __rt_SIGSEGV_inner                        - Undefined Weak Reference
    __rt_SIGSTAK_inner                        - Undefined Weak Reference
    __rt_SIGTERM_inner                        - Undefined Weak Reference
    __rt_SIGUSR1_inner                        - Undefined Weak Reference
    __rt_SIGUSR2_inner                        - Undefined Weak Reference
    __rt_sigother_inner                       - Undefined Weak Reference
    __sigvec_lookup                           - Undefined Weak Reference
    __user_heap_extend                        - Undefined Weak Reference
    _atexit_init                              - Undefined Weak Reference
    _clock_init                               - Undefined Weak Reference
    _fp_trap_init                             - Undefined Weak Reference
    _get_lc_collate                           - Undefined Weak Reference
    _get_lc_ctype                             - Undefined Weak Reference
    _get_lc_monetary                          - Undefined Weak Reference
    _get_lc_numeric                           - Undefined Weak Reference
    _get_lc_time                              - Undefined Weak Reference
    _getenv_init                              - Undefined Weak Reference
    _handle_redirection                       - Undefined Weak Reference
    _init_alloc                               - Undefined Weak Reference
    _init_user_alloc                          - Undefined Weak Reference
    _initio                                   - Undefined Weak Reference
    _rand_init                                - Undefined Weak Reference
    _signal_init                              - Undefined Weak Reference
    _terminate_user_alloc                     - Undefined Weak Reference
    _terminateio                              - Undefined Weak Reference
    Image$$EXTSRAMCPU$$Length                0x00000508   Number         0  anon$$obj.o ABSOLUTE
    Image$$EXTSRAMCPU$$ZI$$Length            0x000059c0   Number         0  anon$$obj.o ABSOLUTE
    Image$$EXTSRAMCPU$$Base                  0x00200000   Number         0  anon$$obj.o(linker$$defined$$symbols)
    m_create_api_hash                        0x00200000   Data           4  ql_func.o(.data)
    m_get_api_ptr                            0x00200004   Data           4  ql_func.o(.data)
    m_itoa                                   0x00200008   Data           4  ql_func.o(.data)
    m_atof                                   0x0020000c   Data           4  ql_func.o(.data)
    m_ui64toa                                0x00200010   Data           4  ql_func.o(.data)
    m_strcpy                                 0x00200014   Data           4  ql_func.o(.data)
    m_strncpy                                0x00200018   Data           4  ql_func.o(.data)
    m_strcat                                 0x0020001c   Data           4  ql_func.o(.data)
    m_strncat                                0x00200020   Data           4  ql_func.o(.data)
    m_strlen                                 0x00200024   Data           4  ql_func.o(.data)
    m_strcmp                                 0x00200028   Data           4  ql_func.o(.data)
    m_strncmp                                0x0020002c   Data           4  ql_func.o(.data)
    m_memset                                 0x00200030   Data           4  ql_func.o(.data)
    m_memcpy                                 0x00200034   Data           4  ql_func.o(.data)
    m_memcmp                                 0x00200038   Data           4  ql_func.o(.data)
    m_memmove                                0x0020003c   Data           4  ql_func.o(.data)
    m_strstr                                 0x00200040   Data           4  ql_func.o(.data)
    m_strchr                                 0x00200044   Data           4  ql_func.o(.data)
    m_SetDebugMode                           0x00200048   Data           4  ql_func.o(.data)
    m_GetEvent                               0x0020004c   Data           4  ql_func.o(.data)
    m_Sleep                                  0x00200050   Data           4  ql_func.o(.data)
    m_Reset                                  0x00200054   Data           4  ql_func.o(.data)
    m_PowerDown                              0x00200058   Data           4  ql_func.o(.data)
    m_PowerOnAck                             0x0020005c   Data           4  ql_func.o(.data)
    m_StartWatchdog                          0x00200060   Data           4  ql_func.o(.data)
    m_FeedWatchdog                           0x00200064   Data           4  ql_func.o(.data)
    m_StopWatchdog                           0x00200068   Data           4  ql_func.o(.data)
    m_ReadModuleUID                          0x0020006c   Data           4  ql_func.o(.data)
    m_GetPowerOnReason                       0x00200070   Data           4  ql_func.o(.data)
    m_SetSleepMode                           0x00200074   Data           4  ql_func.o(.data)
    m_SetCFUN                                0x00200078   Data           4  ql_func.o(.data)
    m_GetPowerSupply                         0x0020007c   Data           4  ql_func.o(.data)
    m_VoltageInd_Init                        0x00200080   Data           4  ql_func.o(.data)
    m_PwrKey_Init                            0x00200084   Data           4  ql_func.o(.data)
    m_GetCFUN                                0x00200088   Data           4  ql_func.o(.data)
    m_GenericURC_Init                        0x0020008c   Data           4  ql_func.o(.data)
    m_GetCHINFO                              0x00200090   Data           4  ql_func.o(.data)
    m_StartJammingDet                        0x00200094   Data           4  ql_func.o(.data)
    m_StopJammingDet                         0x00200098   Data           4  ql_func.o(.data)
    m_ChangeUsbMode                          0x0020009c   Data           4  ql_func.o(.data)
    m_Userdata_Backup                        0x002000a0   Data           4  ql_func.o(.data)
    m_Userdata_Read                          0x002000a4   Data           4  ql_func.o(.data)
    m_OCPU_AT_RESULT_OK                      0x002000a8   Data           4  ql_func.o(.data)
    m_OCPU_AT_RESULT_ERROR                   0x002000ac   Data           4  ql_func.o(.data)
    m_OCPU_AT_RESULT_CONTINUE                0x002000b0   Data           4  ql_func.o(.data)
    m_GetMemory                              0x002000b4   Data           4  ql_func.o(.data)
    m_FreeMemory                             0x002000b8   Data           4  ql_func.o(.data)
    m_memMaxCanAllocSize                     0x002000bc   Data           4  ql_func.o(.data)
    m_memTotalLeftSize                       0x002000c0   Data           4  ql_func.o(.data)
    m_FileGetFreeSize                        0x002000c4   Data           4  ql_func.o(.data)
    m_FileGetFreeSizeEx                      0x002000c8   Data           4  ql_func.o(.data)
    m_FileOpen                               0x002000cc   Data           4  ql_func.o(.data)
    m_FileOpenEx                             0x002000d0   Data           4  ql_func.o(.data)
    m_FileRead                               0x002000d4   Data           4  ql_func.o(.data)
    m_FileWrite                              0x002000d8   Data           4  ql_func.o(.data)
    m_FileSeek                               0x002000dc   Data           4  ql_func.o(.data)
    m_FileGetFilePosition                    0x002000e0   Data           4  ql_func.o(.data)
    m_FileTruncate                           0x002000e4   Data           4  ql_func.o(.data)
    m_FileFlush                              0x002000e8   Data           4  ql_func.o(.data)
    m_FileClose                              0x002000ec   Data           4  ql_func.o(.data)
    m_FileGetSize                            0x002000f0   Data           4  ql_func.o(.data)
    m_FileDelete                             0x002000f4   Data           4  ql_func.o(.data)
    m_FileCheck                              0x002000f8   Data           4  ql_func.o(.data)
    m_FileRename                             0x002000fc   Data           4  ql_func.o(.data)
    m_FileCreateDir                          0x00200100   Data           4  ql_func.o(.data)
    m_FileRemoveDir                          0x00200104   Data           4  ql_func.o(.data)
    m_FileCheckDir                           0x00200108   Data           4  ql_func.o(.data)
    m_FileFindFirst                          0x0020010c   Data           4  ql_func.o(.data)
    m_FileFindNext                           0x00200110   Data           4  ql_func.o(.data)
    m_FileFindClose                          0x00200114   Data           4  ql_func.o(.data)
    m_FileXDelete                            0x00200118   Data           4  ql_func.o(.data)
    m_FileXMove                              0x0020011c   Data           4  ql_func.o(.data)
    m_Fs_Format                              0x00200120   Data           4  ql_func.o(.data)
    m_FileSys_GetSpaceInfo                   0x00200124   Data           4  ql_func.o(.data)
    m_WrtCodeRegion_Init                     0x00200128   Data           4  ql_func.o(.data)
    m_WrtCodeRegion_Write                    0x0020012c   Data           4  ql_func.o(.data)
    m_WrtCodeRegion_Finish                   0x00200130   Data           4  ql_func.o(.data)
    m_pinSubscribe                           0x00200134   Data           4  ql_func.o(.data)
    m_pinUnSubscribe                         0x00200138   Data           4  ql_func.o(.data)
    m_pinQueryMode                           0x0020013c   Data           4  ql_func.o(.data)
    m_pinRead                                0x00200140   Data           4  ql_func.o(.data)
    m_pinWrite                               0x00200144   Data           4  ql_func.o(.data)
    m_pinControl                             0x00200148   Data           4  ql_func.o(.data)
    m_eintRead                               0x0020014c   Data           4  ql_func.o(.data)
    m_eintMask                               0x00200150   Data           4  ql_func.o(.data)
    m_eintSetPolarity                        0x00200154   Data           4  ql_func.o(.data)
    m_ReadADC                                0x00200158   Data           4  ql_func.o(.data)
    m_ConfigADC                              0x0020015c   Data           4  ql_func.o(.data)
    m_GetGpioByName                          0x00200160   Data           4  ql_func.o(.data)
    m_busSubscribe                           0x00200164   Data           4  ql_func.o(.data)
    m_busUnSubscribe                         0x00200168   Data           4  ql_func.o(.data)
    m_busWrite                               0x0020016c   Data           4  ql_func.o(.data)
    m_busRead                                0x00200170   Data           4  ql_func.o(.data)
    m_busQuery                               0x00200174   Data           4  ql_func.o(.data)
    m_I2C_Init                               0x00200178   Data           4  ql_func.o(.data)
    m_I2C_Config                             0x0020017c   Data           4  ql_func.o(.data)
    m_I2C_Read                               0x00200180   Data           4  ql_func.o(.data)
    m_I2C_Write                              0x00200184   Data           4  ql_func.o(.data)
    m_PlayAudio                              0x00200188   Data           4  ql_func.o(.data)
    m_StopAudio                              0x0020018c   Data           4  ql_func.o(.data)
    m_StartPlayAudioFile                     0x00200190   Data           4  ql_func.o(.data)
    m_PlayAudioFile_8k                       0x00200194   Data           4  ql_func.o(.data)
    m_StopAudioFile_8k                       0x00200198   Data           4  ql_func.o(.data)
    m_StopPlayAudioFile                      0x0020019c   Data           4  ql_func.o(.data)
    m_StartPlayAudioStream                   0x002001a0   Data           4  ql_func.o(.data)
    m_StopPlayAudioStream                    0x002001a4   Data           4  ql_func.o(.data)
    m_VoiceCallChangePath                    0x002001a8   Data           4  ql_func.o(.data)
    m_VoiceCallGetCurrentPath                0x002001ac   Data           4  ql_func.o(.data)
    m_SetVolume                              0x002001b0   Data           4  ql_func.o(.data)
    m_SetVolume_Ex                           0x002001b4   Data           4  ql_func.o(.data)
    m_GetVolume                              0x002001b8   Data           4  ql_func.o(.data)
    m_SetMicGain                             0x002001bc   Data           4  ql_func.o(.data)
    m_GetMicGain                             0x002001c0   Data           4  ql_func.o(.data)
    m_SetSideToneGain                        0x002001c4   Data           4  ql_func.o(.data)
    m_GetSideToneGain                        0x002001c8   Data           4  ql_func.o(.data)
    m_CtrlEchoCancel                         0x002001cc   Data           4  ql_func.o(.data)
    m_VTS                                    0x002001d0   Data           4  ql_func.o(.data)
    m_PlayTone                               0x002001d4   Data           4  ql_func.o(.data)
    m_StopTone                               0x002001d8   Data           4  ql_func.o(.data)
    m_SelectRingTone                         0x002001dc   Data           4  ql_func.o(.data)
    m_WDTMF                                  0x002001e0   Data           4  ql_func.o(.data)
    m_StartRecord                            0x002001e4   Data           4  ql_func.o(.data)
    m_StopRecord                             0x002001e8   Data           4  ql_func.o(.data)
    m_StartRecord_FullFunc                   0x002001ec   Data           4  ql_func.o(.data)
    m_SetRingToneEnable                      0x002001f0   Data           4  ql_func.o(.data)
    m_EnableDTMF                             0x002001f4   Data           4  ql_func.o(.data)
    m_DisableDTMF                            0x002001f8   Data           4  ql_func.o(.data)
    m_GetDTMFConfig                          0x002001fc   Data           4  ql_func.o(.data)
    m_SetDTMFConfig                          0x00200200   Data           4  ql_func.o(.data)
    m_StreamRecordSetBuffer                  0x00200204   Data           4  ql_func.o(.data)
    m_StreamRecordStart                      0x00200208   Data           4  ql_func.o(.data)
    m_StreamRecordReadBuffer                 0x0020020c   Data           4  ql_func.o(.data)
    m_StreamRecordStop                       0x00200210   Data           4  ql_func.o(.data)
    m_StartTimer                             0x00200214   Data           4  ql_func.o(.data)
    m_StopTimer                              0x00200218   Data           4  ql_func.o(.data)
    m_GetLocalTime                           0x0020021c   Data           4  ql_func.o(.data)
    m_SetLocalTime                           0x00200220   Data           4  ql_func.o(.data)
    m_GetRelativeTime                        0x00200224   Data           4  ql_func.o(.data)
    m_GetRelativeTime_Counter                0x00200228   Data           4  ql_func.o(.data)
    m_SecondToTicks                          0x0020022c   Data           4  ql_func.o(.data)
    m_MillisecondToTicks                     0x00200230   Data           4  ql_func.o(.data)
    m_Mktime                                 0x00200234   Data           4  ql_func.o(.data)
    m_LocalTime2CalendarTime                 0x00200238   Data           4  ql_func.o(.data)
    m_CalendarTime2LocalTime                 0x0020023c   Data           4  ql_func.o(.data)
    m_StartGPTimer                           0x00200240   Data           4  ql_func.o(.data)
    m_StopGPTimer                            0x00200244   Data           4  ql_func.o(.data)
    m_Alarm_StartUp                          0x00200248   Data           4  ql_func.o(.data)
    m_Alarm_Remove                           0x0020024c   Data           4  ql_func.o(.data)
    m_OpenModemPort                          0x00200250   Data           4  ql_func.o(.data)
    m_SendToModem                            0x00200254   Data           4  ql_func.o(.data)
    m_SendToUart                             0x00200258   Data           4  ql_func.o(.data)
    m_SetPortRts                             0x0020025c   Data           4  ql_func.o(.data)
    m_SetUartBaudRate                        0x00200260   Data           4  ql_func.o(.data)
    m_SetPortOwner                           0x00200264   Data           4  ql_func.o(.data)
    m_SetUartDCBConfig                       0x00200268   Data           4  ql_func.o(.data)
    m_SetUartFlowCtrl                        0x0020026c   Data           4  ql_func.o(.data)
    m_UartGetBytesAvail                      0x00200270   Data           4  ql_func.o(.data)
    m_UartGetTxRoomLeft                      0x00200274   Data           4  ql_func.o(.data)
    m_UartGetTxRestBytes                     0x00200278   Data           4  ql_func.o(.data)
    m_UartConfigEscape                       0x0020027c   Data           4  ql_func.o(.data)
    m_UartClrTxBuffer                        0x00200280   Data           4  ql_func.o(.data)
    m_UartClrRxBuffer                        0x00200284   Data           4  ql_func.o(.data)
    m_UartSetGenericThreshold                0x00200288   Data           4  ql_func.o(.data)
    m_UartGenericClearFEFlag                 0x0020028c   Data           4  ql_func.o(.data)
    m_UartSetVfifoThreshold                  0x00200290   Data           4  ql_func.o(.data)
    m_VfifoUart_SetDriverBuf                 0x00200294   Data           4  ql_func.o(.data)
    m_UartGetVfifoThresholdInfo              0x00200298   Data           4  ql_func.o(.data)
    m_UartMaxGetVfifoThresholdInfo           0x0020029c   Data           4  ql_func.o(.data)
    m_UartStartVfifoMonitorRxTimeout         0x002002a0   Data           4  ql_func.o(.data)
    m_UartStopVfifoMonitorRxTimeout          0x002002a4   Data           4  ql_func.o(.data)
    m_UartRcvData                            0x002002a8   Data           4  ql_func.o(.data)
    m_UartQueryDataMode                      0x002002ac   Data           4  ql_func.o(.data)
    m_UartForceSendEscape                    0x002002b0   Data           4  ql_func.o(.data)
    m_GprsAPNSet                             0x002002b4   Data           4  ql_func.o(.data)
    m_GprsAPNGet                             0x002002b8   Data           4  ql_func.o(.data)
    m_GprsNetworkInitialize                  0x002002bc   Data           4  ql_func.o(.data)
    m_GprsNetworkUnInitialize                0x002002c0   Data           4  ql_func.o(.data)
    m_GprsNetworkActive                      0x002002c4   Data           4  ql_func.o(.data)
    m_GprsNetworkDeactive                    0x002002c8   Data           4  ql_func.o(.data)
    m_GprsNetworkGetState                    0x002002cc   Data           4  ql_func.o(.data)
    m_SocketCreate                           0x002002d0   Data           4  ql_func.o(.data)
    m_SocketClose                            0x002002d4   Data           4  ql_func.o(.data)
    m_SocketConnect                          0x002002d8   Data           4  ql_func.o(.data)
    m_SocketSend                             0x002002dc   Data           4  ql_func.o(.data)
    m_SocketRecv                             0x002002e0   Data           4  ql_func.o(.data)
    m_SocketTcpAckNumber                     0x002002e4   Data           4  ql_func.o(.data)
    m_SocketSendTo                           0x002002e8   Data           4  ql_func.o(.data)
    m_SocketRecvFrom                         0x002002ec   Data           4  ql_func.o(.data)
    m_SocketBind                             0x002002f0   Data           4  ql_func.o(.data)
    m_SocketListen                           0x002002f4   Data           4  ql_func.o(.data)
    m_SocketAccept                           0x002002f8   Data           4  ql_func.o(.data)
    m_GetHostIpbyName                        0x002002fc   Data           4  ql_func.o(.data)
    m_GetLocalIpAddress                      0x00200300   Data           4  ql_func.o(.data)
    m_GetDnsServerAddress                    0x00200304   Data           4  ql_func.o(.data)
    m_SetDnsServerAddress                    0x00200308   Data           4  ql_func.o(.data)
    m_SocketCheckIp                          0x0020030c   Data           4  ql_func.o(.data)
    m_SocketSetSendBufferSize                0x00200310   Data           4  ql_func.o(.data)
    m_SocketSetRecvBufferSize                0x00200314   Data           4  ql_func.o(.data)
    m_GetDeviceCurrentRunState               0x00200318   Data           4  ql_func.o(.data)
    m_SocketHtonl                            0x0020031c   Data           4  ql_func.o(.data)
    m_SocketHtons                            0x00200320   Data           4  ql_func.o(.data)
    m_SwitchHeartBeat                        0x00200324   Data           4  ql_func.o(.data)
    m_SMSInitialize                          0x00200328   Data           4  ql_func.o(.data)
    m_SetSMSStorage                          0x0020032c   Data           4  ql_func.o(.data)
    m_GetSMSStorageInfo                      0x00200330   Data           4  ql_func.o(.data)
    m_SetInfoCentreNum                       0x00200334   Data           4  ql_func.o(.data)
    m_GetInfoCentreNum                       0x00200338   Data           4  ql_func.o(.data)
    m_SetNewSMSDirectToTE                    0x0020033c   Data           4  ql_func.o(.data)
    m_SetSMSFormat                           0x00200340   Data           4  ql_func.o(.data)
    m_ReadSMS                                0x00200344   Data           4  ql_func.o(.data)
    m_DeleteSMS                              0x00200348   Data           4  ql_func.o(.data)
    m_ListSMS                                0x0020034c   Data           4  ql_func.o(.data)
    m_GetUnReadSMS                           0x00200350   Data           4  ql_func.o(.data)
    m_SendPDUSMS                             0x00200354   Data           4  ql_func.o(.data)
    m_WritePDUSMS                            0x00200358   Data           4  ql_func.o(.data)
    m_SetTextSMSPara                         0x0020035c   Data           4  ql_func.o(.data)
    m_SendTextSMS                            0x00200360   Data           4  ql_func.o(.data)
    m_WriteTextSMS                           0x00200364   Data           4  ql_func.o(.data)
    m_SMS_DCS_ToCSCS                         0x00200368   Data           4  ql_func.o(.data)
    m_Call_Initialize                        0x0020036c   Data           4  ql_func.o(.data)
    m_GetCallCntByType                       0x00200370   Data           4  ql_func.o(.data)
    m_Call_Dial                              0x00200374   Data           4  ql_func.o(.data)
    m_Call_Answer                            0x00200378   Data           4  ql_func.o(.data)
    m_Call_Hangup                            0x0020037c   Data           4  ql_func.o(.data)
    m_GSM_GetIMEI                            0x00200380   Data           4  ql_func.o(.data)
    m_GetCoreVer                             0x00200384   Data           4  ql_func.o(.data)
    m_IsSIMInserted                          0x00200388   Data           4  ql_func.o(.data)
    m_GetOperator                            0x0020038c   Data           4  ql_func.o(.data)
    m_RetrieveNodeBInfo                      0x00200390   Data           4  ql_func.o(.data)
    m_Call_GetCurrCall                       0x00200394   Data           4  ql_func.o(.data)
    m_SIM_GetLockState                       0x00200398   Data           4  ql_func.o(.data)
    m_SIM_GetIMSI                            0x0020039c   Data           4  ql_func.o(.data)
    m_SIM_GetCCID                            0x002003a0   Data           4  ql_func.o(.data)
    m_SIM_FeedPIN                            0x002003a4   Data           4  ql_func.o(.data)
    m_SIM_GetPINCntAvail                     0x002003a8   Data           4  ql_func.o(.data)
    m_osSendEvent                            0x002003ac   Data           4  ql_func.o(.data)
    m_osCreateMutex                          0x002003b0   Data           4  ql_func.o(.data)
    m_osTakeMutex                            0x002003b4   Data           4  ql_func.o(.data)
    m_osGiveMutex                            0x002003b8   Data           4  ql_func.o(.data)
    m_osCreateSemaphore                      0x002003bc   Data           4  ql_func.o(.data)
    m_osTakeSemaphore                        0x002003c0   Data           4  ql_func.o(.data)
    m_osGiveSemaphore                        0x002003c4   Data           4  ql_func.o(.data)
    m_SetLastErrorCode                       0x002003c8   Data           4  ql_func.o(.data)
    m_GetLastErrorCode                       0x002003cc   Data           4  ql_func.o(.data)
    m_osGetCurrentTaskPriority               0x002003d0   Data           4  ql_func.o(.data)
    m_osGetCurrenTaskRemainStackSize         0x002003d4   Data           4  ql_func.o(.data)
    m_osChangeTaskPriority                   0x002003d8   Data           4  ql_func.o(.data)
    m_Fota_Core_Init                         0x002003dc   Data           4  ql_func.o(.data)
    m_Fota_Core_Write_Data                   0x002003e0   Data           4  ql_func.o(.data)
    m_Fota_Core_Finish                       0x002003e4   Data           4  ql_func.o(.data)
    m_Fota_App_Init                          0x002003e8   Data           4  ql_func.o(.data)
    m_Fota_App_InitEx                        0x002003ec   Data           4  ql_func.o(.data)
    m_Fota_App_Write_Data                    0x002003f0   Data           4  ql_func.o(.data)
    m_Fota_App_Finish                        0x002003f4   Data           4  ql_func.o(.data)
    m_Fota_Update                            0x002003f8   Data           4  ql_func.o(.data)
    m_TTS_Initialize                         0x002003fc   Data           4  ql_func.o(.data)
    m_TTS_Play                               0x00200400   Data           4  ql_func.o(.data)
    m_TTS_PlayInCall                         0x00200404   Data           4  ql_func.o(.data)
    m_TTS_Stop                               0x00200408   Data           4  ql_func.o(.data)
    m_TTS_Query                              0x0020040c   Data           4  ql_func.o(.data)
    m_TTS_SetStyle                           0x00200410   Data           4  ql_func.o(.data)
    m_GetFontData                            0x00200414   Data           4  ql_func.o(.data)
    m_FTP_SetUserName                        0x00200418   Data           4  ql_func.o(.data)
    m_FTP_SetPasswd                          0x0020041c   Data           4  ql_func.o(.data)
    m_FTP_Connect                            0x00200420   Data           4  ql_func.o(.data)
    m_FTP_Disconnect                         0x00200424   Data           4  ql_func.o(.data)
    m_FTP_SetConnMode                        0x00200428   Data           4  ql_func.o(.data)
    m_FTP_SetTransMode                       0x0020042c   Data           4  ql_func.o(.data)
    m_FTP_SetResumePoint                     0x00200430   Data           4  ql_func.o(.data)
    m_FTP_SetLocalPos                        0x00200434   Data           4  ql_func.o(.data)
    m_FTP_SetSrvPath                         0x00200438   Data           4  ql_func.o(.data)
    m_FTP_Upload                             0x0020043c   Data           4  ql_func.o(.data)
    m_FTP_Download                           0x00200440   Data           4  ql_func.o(.data)
    m_FTP_GetState                           0x00200444   Data           4  ql_func.o(.data)
    m_FTP_GetTransLength                     0x00200448   Data           4  ql_func.o(.data)
    m_ConvertCodec                           0x0020044c   Data           4  ql_func.o(.data)
    Ql_DebugTrace                            0x00200468   Data           4  ql_Main.o(.data)
    Ql_sprintf                               0x0020046c   Data           4  ql_Main.o(.data)
    __debug                                  0x00200474   Data           1  entry.o(.data)
    __toSend                                 0x00200478   Data           4  entry.o(.data)
    __numPacket                              0x0020047c   Data           2  entry.o(.data)
    __timeOutEvents                          0x00200480   Data           4  entry.o(.data)
    nSTATE                                   0x00200484   Data           1  transport.o(.data)
    CURRENT                                  0x00200485   Data           1  transport.o(.data)
    __waitConfirm                            0x00200486   Data           1  transport.o(.data)
    _socketID                                0x00200487   Data           1  transport.o(.data)
    _sendInput                               0x00200488   Data           1  transport.o(.data)
    _error                                   0x0020048c   Data           4  transport.o(.data)
    callback_func                            0x00200490   Data          28  transport.o(.data)
    _address                                 0x002004ac   Data           4  transport.o(.data)
    _port                                    0x002004b0   Data           2  transport.o(.data)
    __countRepeat                            0x002004b4   Data           1  events.o(.data)
    __count_num_packets                      0x002004b8   Data           4  events.o(.data)
    __countMsgSend                           0x002004bc   Data           2  events.o(.data)
    __buf_command_pos                        0x002004c0   Data           1  utils.o(.data)
    __pins                                   0x002004c8   Data           1  mgpio.o(.data)
    __pinLow                                 0x002004c9   Data           5  mgpio.o(.data)
    __confirmRecive                          0x002004d0   Data           2  files.o(.data)
    __file_events                            0x002004d4   Data           4  files.o(.data)
    SubMutitaskArray                         0x002004d8   Data          48  config.o(.data)
    Image$$EXTSRAMCPU$$ZI$$Base              0x00200508   Number         0  anon$$obj.o(linker$$defined$$symbols)
    runinfo                                  0x00200508   Data          12  ql_Main.o(.bss)
    ebuf                                     0x00200514   Data        1032  entry.o(.bss)
    __currentEvData                          0x0020091c   Data          10  entry.o(.bss)
    __settings                               0x00200928   Data         100  entry.o(.bss)
    esub1                                    0x0020098c   Data        1032  entry.o(.bss)
    esub2                                    0x00200d94   Data        1032  entry.o(.bss)
    __socketBuffer                           0x0020119c   Data        1024  transport.o(.bss)
    __SendBuffer                             0x0020159c   Data        8192  events.o(.bss)
    __buf_command                            0x0020359c   Data         100  utils.o(.bss)
    __bufEventData                           0x00203600   Data         100  files.o(.bss)
    __debug_buffer                           0x00203664   Data         100  global.o(.bss)
    qlOpenCPUHeapMem                         0x002036c8   Data       10240  config.o(.bss)
    GADLENTRY                                0x08540000   Data          44  ql_Main.o(GABADISP)
    Ql_create_api_hash                       0x0854002d   Thumb Code    30  ql_func.o(.text)
    Ql_ui64toa                               0x0854004b   Thumb Code    68  ql_func.o(.text)
    Ql_itoa                                  0x0854008f   Thumb Code    60  ql_func.o(.text)
    Ql_atof                                  0x085400cb   Thumb Code    56  ql_func.o(.text)
    Ql_strcpy                                0x08540103   Thumb Code    58  ql_func.o(.text)
    Ql_strncpy                               0x0854013d   Thumb Code    54  ql_func.o(.text)
    Ql_strcat                                0x08540173   Thumb Code    50  ql_func.o(.text)
    Ql_strncat                               0x085401a5   Thumb Code    54  ql_func.o(.text)
    Ql_strlen                                0x085401db   Thumb Code    46  ql_func.o(.text)
    Ql_strcmp                                0x08540209   Thumb Code    50  ql_func.o(.text)
    Ql_strncmp                               0x0854023b   Thumb Code    54  ql_func.o(.text)
    Ql_memset                                0x08540271   Thumb Code    54  ql_func.o(.text)
    Ql_memcpy                                0x085402a7   Thumb Code    54  ql_func.o(.text)
    Ql_memcmp                                0x085402dd   Thumb Code    54  ql_func.o(.text)
    Ql_memmove                               0x08540313   Thumb Code    54  ql_func.o(.text)
    Ql_strstr                                0x08540349   Thumb Code    50  ql_func.o(.text)
    Ql_strchr                                0x0854037b   Thumb Code    50  ql_func.o(.text)
    Ql_SetDebugMode                          0x085403ad   Thumb Code    44  ql_func.o(.text)
    Ql_GetEvent                              0x085403d9   Thumb Code   300  ql_func.o(.text)
    Ql_Sleep                                 0x08540505   Thumb Code    44  ql_func.o(.text)
    Ql_Reset                                 0x08540531   Thumb Code    44  ql_func.o(.text)
    Ql_PowerDown                             0x0854055d   Thumb Code    44  ql_func.o(.text)
    Ql_PowerOnAck                            0x08540589   Thumb Code    38  ql_func.o(.text)
    Ql_StartWatchdog                         0x085405af   Thumb Code    54  ql_func.o(.text)
    Ql_FeedWatchdog                          0x085405e5   Thumb Code    38  ql_func.o(.text)
    Ql_StopWatchdog                          0x0854060b   Thumb Code    38  ql_func.o(.text)
    Ql_ReadModuleUID                         0x08540631   Thumb Code    46  ql_func.o(.text)
    Ql_GetSDKVer                             0x0854065f   Thumb Code    48  ql_func.o(.text)
    Ql_GetPowerOnReason                      0x0854068f   Thumb Code    44  ql_func.o(.text)
    Ql_SetSleepMode                          0x085406bb   Thumb Code    46  ql_func.o(.text)
    Ql_SetCFUN                               0x085406e9   Thumb Code    50  ql_func.o(.text)
    Ql_GetPowerSupply                        0x0854071b   Thumb Code    54  ql_func.o(.text)
    Ql_VoltageInd_Init                       0x08540751   Thumb Code    50  ql_func.o(.text)
    Ql_PwrKey_Init                           0x08540783   Thumb Code    50  ql_func.o(.text)
    Ql_GenericURC_Init                       0x085407b5   Thumb Code    50  ql_func.o(.text)
    Ql_GetCFUN                               0x085407e7   Thumb Code    44  ql_func.o(.text)
    Ql_GetCHINFO                             0x08540813   Thumb Code    50  ql_func.o(.text)
    Ql_StartJammingDet                       0x08540845   Thumb Code    50  ql_func.o(.text)
    Ql_StopJammingDet                        0x08540877   Thumb Code    44  ql_func.o(.text)
    Ql_ChangeUsbMode                         0x085408a3   Thumb Code    50  ql_func.o(.text)
    Ql_SecureData_Store                      0x085408d5   Thumb Code   468  ql_func.o(.text)
    Ql_SecureData_Read                       0x08540aa9   Thumb Code    58  ql_func.o(.text)
    OCPU_AT_RESULT_OK                        0x08540ae3   Thumb Code    48  ql_func.o(.text)
    OCPU_AT_RESULT_ERROR                     0x08540b13   Thumb Code    50  ql_func.o(.text)
    OCPU_AT_RESULT_CONTINUE                  0x08540b45   Thumb Code    56  ql_func.o(.text)
    Ql_GetMemory                             0x08540b7d   Thumb Code    50  ql_func.o(.text)
    Ql_FreeMemory                            0x08540baf   Thumb Code    50  ql_func.o(.text)
    Ql_memMaxCanAllocSize                    0x08540be1   Thumb Code    44  ql_func.o(.text)
    Ql_memTotalLeftSize                      0x08540c0d   Thumb Code    44  ql_func.o(.text)
    Ql_FileGetFreeSize                       0x08540c39   Thumb Code    44  ql_func.o(.text)
    Ql_FileGetFreeSizeEx                     0x08540c65   Thumb Code    54  ql_func.o(.text)
    Ql_FileOpen                              0x08540c9b   Thumb Code    58  ql_func.o(.text)
    Ql_FileOpenEx                            0x08540cd5   Thumb Code    54  ql_func.o(.text)
    Ql_FileRead                              0x08540d0b   Thumb Code    62  ql_func.o(.text)
    Ql_FileWrite                             0x08540d49   Thumb Code    62  ql_func.o(.text)
    Ql_FileSeek                              0x08540d87   Thumb Code    58  ql_func.o(.text)
    Ql_FileGetFilePosition                   0x08540dc1   Thumb Code    54  ql_func.o(.text)
    Ql_FileTruncate                          0x08540df7   Thumb Code    50  ql_func.o(.text)
    Ql_FileFlush                             0x08540e29   Thumb Code    48  ql_func.o(.text)
    Ql_FileClose                             0x08540e59   Thumb Code    48  ql_func.o(.text)
    Ql_FileGetSize                           0x08540e89   Thumb Code   440  ql_func.o(.text)
    Ql_FileDelete                            0x08541041   Thumb Code    50  ql_func.o(.text)
    Ql_FileCheck                             0x08541073   Thumb Code    50  ql_func.o(.text)
    Ql_FileRename                            0x085410a5   Thumb Code    54  ql_func.o(.text)
    Ql_FileCreateDir                         0x085410db   Thumb Code    52  ql_func.o(.text)
    Ql_FileRemoveDir                         0x0854110f   Thumb Code    52  ql_func.o(.text)
    Ql_FileCheckDir                          0x08541143   Thumb Code    52  ql_func.o(.text)
    Ql_FileFindFirst                         0x08541177   Thumb Code    66  ql_func.o(.text)
    Ql_FileFindNext                          0x085411b9   Thumb Code    66  ql_func.o(.text)
    Ql_FileFindClose                         0x085411fb   Thumb Code    50  ql_func.o(.text)
    Ql_FileXDelete                           0x0854122d   Thumb Code    56  ql_func.o(.text)
    Ql_FileXMove                             0x08541265   Thumb Code    60  ql_func.o(.text)
    Ql_Fs_Format                             0x085412a1   Thumb Code    52  ql_func.o(.text)
    Ql_FileSys_GetSpaceInfo                  0x085412d5   Thumb Code    60  ql_func.o(.text)
    Ql_WrtCodeRegion_Init                    0x08541311   Thumb Code    54  ql_func.o(.text)
    Ql_WrtCodeRegion_Write                   0x08541347   Thumb Code    56  ql_func.o(.text)
    Ql_WrtCodeRegion_Finish                  0x0854137f   Thumb Code    46  ql_func.o(.text)
    Ql_pinSubscribe                          0x085413ad   Thumb Code    60  ql_func.o(.text)
    Ql_pinUnSubscribe                        0x085413e9   Thumb Code   414  ql_func.o(.text)
    Ql_pinQueryMode                          0x08541587   Thumb Code    62  ql_func.o(.text)
    Ql_pinRead                               0x085415c5   Thumb Code    54  ql_func.o(.text)
    Ql_pinWrite                              0x085415fb   Thumb Code    54  ql_func.o(.text)
    Ql_pinControl                            0x08541631   Thumb Code    54  ql_func.o(.text)
    Ql_eintRead                              0x08541667   Thumb Code    50  ql_func.o(.text)
    Ql_eintMask                              0x08541699   Thumb Code    50  ql_func.o(.text)
    Ql_eintSetPolarity                       0x085416cb   Thumb Code    50  ql_func.o(.text)
    Ql_ReadADC                               0x085416fd   Thumb Code    54  ql_func.o(.text)
    Ql_ConfigADC                             0x08541733   Thumb Code    58  ql_func.o(.text)
    Ql_GetGpioByName                         0x0854176d   Thumb Code    50  ql_func.o(.text)
    Ql_busSubscribe                          0x0854179f   Thumb Code    54  ql_func.o(.text)
    Ql_busUnSubscribe                        0x085417d5   Thumb Code    50  ql_func.o(.text)
    Ql_busWrite                              0x08541807   Thumb Code    62  ql_func.o(.text)
    Ql_busRead                               0x08541845   Thumb Code    62  ql_func.o(.text)
    Ql_busQuery                              0x08541883   Thumb Code    58  ql_func.o(.text)
    Ql_I2C_Init                              0x085418bd   Thumb Code    42  ql_func.o(.text)
    Ql_I2C_Config                            0x085418e7   Thumb Code    54  ql_func.o(.text)
    Ql_I2C_Read                              0x0854191d   Thumb Code    58  ql_func.o(.text)
    Ql_I2C_Write                             0x08541957   Thumb Code   360  ql_func.o(.text)
    Ql_PlayAudio                             0x08541abf   Thumb Code    52  ql_func.o(.text)
    Ql_StopAudio                             0x08541af3   Thumb Code    48  ql_func.o(.text)
    Ql_StartPlayAudioFile                    0x08541b23   Thumb Code    60  ql_func.o(.text)
    Ql_PlayAudioFile_8k                      0x08541b5f   Thumb Code    62  ql_func.o(.text)
    Ql_StopAudioFile_8k                      0x08541b9d   Thumb Code    42  ql_func.o(.text)
    Ql_StopPlayAudioFile                     0x08541bc7   Thumb Code    42  ql_func.o(.text)
    Ql_StartPlayAudioStream                  0x08541bf1   Thumb Code    68  ql_func.o(.text)
    Ql_StopPlayAudioStream                   0x08541c35   Thumb Code    42  ql_func.o(.text)
    Ql_StartRecord                           0x08541c5f   Thumb Code    52  ql_func.o(.text)
    Ql_StartRecord_FullFunc                  0x08541c93   Thumb Code    68  ql_func.o(.text)
    Ql_StopRecord                            0x08541cd7   Thumb Code    42  ql_func.o(.text)
    Ql_PlayTone                              0x08541d01   Thumb Code    60  ql_func.o(.text)
    Ql_StopTone                              0x08541d3d   Thumb Code    42  ql_func.o(.text)
    Ql_SelectRingTone                        0x08541d67   Thumb Code    48  ql_func.o(.text)
    Ql_VoiceCallChangePath                   0x08541d97   Thumb Code    48  ql_func.o(.text)
    Ql_VoiceCallGetCurrentPath               0x08541dc7   Thumb Code    42  ql_func.o(.text)
    Ql_SetVolume                             0x08541df1   Thumb Code    52  ql_func.o(.text)
    Ql_SetVolume_Ex                          0x08541e25   Thumb Code    56  ql_func.o(.text)
    Ql_GetVolume                             0x08541e5d   Thumb Code    48  ql_func.o(.text)
    Ql_SetMicGain                            0x08541e8d   Thumb Code   512  ql_func.o(.text)
    Ql_GetMicGain                            0x0854208d   Thumb Code    48  ql_func.o(.text)
    Ql_SetSideToneGain                       0x085420bd   Thumb Code    52  ql_func.o(.text)
    Ql_GetSideToneGain                       0x085420f1   Thumb Code    48  ql_func.o(.text)
    Ql_CtrlEchoCancel                        0x08542121   Thumb Code    62  ql_func.o(.text)
    Ql_VTS                                   0x0854215f   Thumb Code    52  ql_func.o(.text)
    Ql_WDTMF                                 0x08542193   Thumb Code    60  ql_func.o(.text)
    Ql_EnableDTMF                            0x085421cf   Thumb Code    48  ql_func.o(.text)
    Ql_DisableDTMF                           0x085421ff   Thumb Code    42  ql_func.o(.text)
    Ql_GetDTMFConfig                         0x08542229   Thumb Code    48  ql_func.o(.text)
    Ql_SetDTMFConfig                         0x08542259   Thumb Code    62  ql_func.o(.text)
    Ql_SetRingToneEnable                     0x08542297   Thumb Code    48  ql_func.o(.text)
    Ql_StreamRecordSetBuffer                 0x085422c7   Thumb Code    54  ql_func.o(.text)
    Ql_StreamRecordStart                     0x085422fd   Thumb Code    54  ql_func.o(.text)
    Ql_StreamRecordReadBuffer                0x08542333   Thumb Code    54  ql_func.o(.text)
    Ql_StreamRecordStop                      0x08542369   Thumb Code    44  ql_func.o(.text)
    Ql_StartTimer                            0x08542395   Thumb Code    50  ql_func.o(.text)
    Ql_StopTimer                             0x085423c7   Thumb Code    52  ql_func.o(.text)
    Ql_GetLocalTime                          0x085423fb   Thumb Code    50  ql_func.o(.text)
    Ql_SetLocalTime                          0x0854242d   Thumb Code    50  ql_func.o(.text)
    Ql_GetRelativeTime                       0x0854245f   Thumb Code   448  ql_func.o(.text)
    Ql_GetRelativeTime_Counter               0x0854261f   Thumb Code    42  ql_func.o(.text)
    Ql_SecondToTicks                         0x08542649   Thumb Code    48  ql_func.o(.text)
    Ql_MillisecondToTicks                    0x08542679   Thumb Code    48  ql_func.o(.text)
    Ql_Mktime                                0x085426a9   Thumb Code    48  ql_func.o(.text)
    Ql_LocalTime2CalendarTime                0x085426d9   Thumb Code    52  ql_func.o(.text)
    Ql_CalendarTime2LocalTime                0x0854270d   Thumb Code    56  ql_func.o(.text)
    Ql_StartGPTimer                          0x08542745   Thumb Code    56  ql_func.o(.text)
    Ql_StopGPTimer                           0x0854277d   Thumb Code    40  ql_func.o(.text)
    Ql_Alarm_StartUp                         0x085427a5   Thumb Code    52  ql_func.o(.text)
    Ql_Alarm_Remove                          0x085427d9   Thumb Code    42  ql_func.o(.text)
    Ql_OpenModemPort                         0x08542803   Thumb Code    48  ql_func.o(.text)
    Ql_SendToModem                           0x08542833   Thumb Code    56  ql_func.o(.text)
    Ql_SendToUart                            0x0854286b   Thumb Code    56  ql_func.o(.text)
    Ql_SetPortRts                            0x085428a3   Thumb Code    48  ql_func.o(.text)
    Ql_SetUartBaudRate                       0x085428d3   Thumb Code    52  ql_func.o(.text)
    Ql_SetPortOwner                          0x08542907   Thumb Code    52  ql_func.o(.text)
    Ql_SetUartDCBConfig                      0x0854293b   Thumb Code    62  ql_func.o(.text)
    Ql_SetUartFlowCtrl                       0x08542979   Thumb Code    54  ql_func.o(.text)
    Ql_UartGetBytesAvail                     0x085429af   Thumb Code    48  ql_func.o(.text)
    Ql_UartGetTxRoomLeft                     0x085429df   Thumb Code   472  ql_func.o(.text)
    Ql_UartGetTxRestBytes                    0x08542bb7   Thumb Code    52  ql_func.o(.text)
    Ql_UartConfigEscape                      0x08542beb   Thumb Code    56  ql_func.o(.text)
    Ql_UartClrTxBuffer                       0x08542c23   Thumb Code    48  ql_func.o(.text)
    Ql_UartClrRxBuffer                       0x08542c53   Thumb Code    48  ql_func.o(.text)
    Ql_UartSetGenericThreshold               0x08542c83   Thumb Code    62  ql_func.o(.text)
    Ql_UartGenericClearFEFlag                0x08542cc1   Thumb Code    48  ql_func.o(.text)
    Ql_UartSetVfifoThreshold                 0x08542cf1   Thumb Code    64  ql_func.o(.text)
    Ql_VfifoUart_SetDriverBuf                0x08542d31   Thumb Code    64  ql_func.o(.text)
    Ql_UartGetVfifoThresholdInfo             0x08542d71   Thumb Code    64  ql_func.o(.text)
    Ql_UartMaxGetVfifoThresholdInfo          0x08542db1   Thumb Code    64  ql_func.o(.text)
    Ql_UartStartVfifoMonitorRxTimeout        0x08542df1   Thumb Code    54  ql_func.o(.text)
    Ql_UartStopVfifoMonitorRxTimeout         0x08542e27   Thumb Code    50  ql_func.o(.text)
    Ql_UartRcvData                           0x08542e59   Thumb Code    54  ql_func.o(.text)
    Ql_UartQueryDataMode                     0x08542e8f   Thumb Code    50  ql_func.o(.text)
    Ql_UartForceSendEscape                   0x08542ec1   Thumb Code    50  ql_func.o(.text)
    Ql_GprsAPNSet                            0x08542ef3   Thumb Code    64  ql_func.o(.text)
    Ql_GprsAPNGet                            0x08542f33   Thumb Code    54  ql_func.o(.text)
    Ql_GprsNetworkInitialize                 0x08542f69   Thumb Code   538  ql_func.o(.text)
    Ql_GprsNetworkUnInitialize               0x08543183   Thumb Code    48  ql_func.o(.text)
    Ql_GprsNetworkActive                     0x085431b3   Thumb Code    48  ql_func.o(.text)
    Ql_GprsNetworkDeactive                   0x085431e3   Thumb Code    48  ql_func.o(.text)
    Ql_GprsNetworkGetState                   0x08543213   Thumb Code    56  ql_func.o(.text)
    Ql_SocketCreate                          0x0854324b   Thumb Code    54  ql_func.o(.text)
    Ql_SocketClose                           0x08543281   Thumb Code    48  ql_func.o(.text)
    Ql_SocketConnect                         0x085432b1   Thumb Code    56  ql_func.o(.text)
    Ql_SocketSend                            0x085432e9   Thumb Code    56  ql_func.o(.text)
    Ql_SocketRecv                            0x08543321   Thumb Code    56  ql_func.o(.text)
    Ql_SocketTcpAckNumber                    0x08543359   Thumb Code    52  ql_func.o(.text)
    Ql_SocketSendTo                          0x0854338d   Thumb Code    62  ql_func.o(.text)
    Ql_SocketRecvFrom                        0x085433cb   Thumb Code    62  ql_func.o(.text)
    Ql_SocketBind                            0x08543409   Thumb Code    56  ql_func.o(.text)
    Ql_SocketListen                          0x08543441   Thumb Code    60  ql_func.o(.text)
    Ql_SocketAccept                          0x0854347d   Thumb Code    58  ql_func.o(.text)
    Ql_GetHostIpbyName                       0x085434b7   Thumb Code    72  ql_func.o(.text)
    Ql_GetLocalIpAddress                     0x085434ff   Thumb Code    54  ql_func.o(.text)
    Ql_GetDnsServerAddress                   0x08543535   Thumb Code   442  ql_func.o(.text)
    Ql_SetDnsServerAddress                   0x085436ef   Thumb Code    62  ql_func.o(.text)
    Ql_SocketCheckIp                         0x0854372d   Thumb Code    52  ql_func.o(.text)
    Ql_SocketSetSendBufferSize               0x08543761   Thumb Code    52  ql_func.o(.text)
    Ql_SocketSetRecvBufferSize               0x08543795   Thumb Code    52  ql_func.o(.text)
    Ql_GetDeviceCurrentRunState              0x085437c9   Thumb Code    60  ql_func.o(.text)
    Ql_SocketHtonl                           0x08543805   Thumb Code    48  ql_func.o(.text)
    Ql_SocketHtons                           0x08543835   Thumb Code    48  ql_func.o(.text)
    Ql_SwitchHeartBeat                       0x08543865   Thumb Code    56  ql_func.o(.text)
    Ql_SMSInitialize                         0x0854389d   Thumb Code    48  ql_func.o(.text)
    Ql_SetSMSStorage                         0x085438cd   Thumb Code    48  ql_func.o(.text)
    Ql_GetSMSStorageInfo                     0x085438fd   Thumb Code    56  ql_func.o(.text)
    Ql_SetInfoCentreNum                      0x08543935   Thumb Code    48  ql_func.o(.text)
    Ql_GetInfoCentreNum                      0x08543965   Thumb Code    52  ql_func.o(.text)
    Ql_SetNewSMSDirectToTE                   0x08543999   Thumb Code    48  ql_func.o(.text)
    Ql_SetSMSFormat                          0x085439c9   Thumb Code    48  ql_func.o(.text)
    Ql_ReadSMS                               0x085439f9   Thumb Code    52  ql_func.o(.text)
    Ql_DeleteSMS                             0x08543a2d   Thumb Code    52  ql_func.o(.text)
    Ql_ListSMS                               0x08543a61   Thumb Code    60  ql_func.o(.text)
    Ql_GetUnReadSMS                          0x08543a9d   Thumb Code   454  ql_func.o(.text)
    Ql_SendPDUSMS                            0x08543c63   Thumb Code    52  ql_func.o(.text)
    Ql_WritePDUSMS                           0x08543c97   Thumb Code    52  ql_func.o(.text)
    Ql_SetTextSMSPara                        0x08543ccb   Thumb Code    56  ql_func.o(.text)
    Ql_SendTextSMS                           0x08543d03   Thumb Code    56  ql_func.o(.text)
    Ql_WriteTextSMS                          0x08543d3b   Thumb Code    56  ql_func.o(.text)
    Ql_SMS_DCS_ToCSCS                        0x08543d73   Thumb Code    52  ql_func.o(.text)
    Ql_Call_Initialize                       0x08543da7   Thumb Code    48  ql_func.o(.text)
    Ql_GetCallCntByType                      0x08543dd7   Thumb Code    48  ql_func.o(.text)
    Ql_Call_Dial                             0x08543e07   Thumb Code    52  ql_func.o(.text)
    Ql_Call_Answer                           0x08543e3b   Thumb Code    42  ql_func.o(.text)
    Ql_Call_Hangup                           0x08543e65   Thumb Code    42  ql_func.o(.text)
    Ql_GSM_GetIMEI                           0x08543e8f   Thumb Code    54  ql_func.o(.text)
    Ql_SIM_GetIMSI                           0x08543ec5   Thumb Code    54  ql_func.o(.text)
    Ql_SIM_GetCCID                           0x08543efb   Thumb Code    54  ql_func.o(.text)
    Ql_GetCoreVer                            0x08543f31   Thumb Code    54  ql_func.o(.text)
    Ql_IsSIMInserted                         0x08543f67   Thumb Code    44  ql_func.o(.text)
    Ql_GetOperator                           0x08543f93   Thumb Code    54  ql_func.o(.text)
    Ql_RetrieveNodeBInfo                     0x08543fc9   Thumb Code    50  ql_func.o(.text)
    Ql_Call_GetCurrCall                      0x08543ffb   Thumb Code    50  ql_func.o(.text)
    Ql_SIM_GetLockState                      0x0854402d   Thumb Code   430  ql_func.o(.text)
    Ql_SIM_FeedPIN                           0x085441db   Thumb Code    58  ql_func.o(.text)
    Ql_SIM_GetPINCntAvail                    0x08544215   Thumb Code    54  ql_func.o(.text)
    Ql_osSendEvent                           0x0854424b   Thumb Code    58  ql_func.o(.text)
    Ql_osCreateMutex                         0x08544285   Thumb Code    50  ql_func.o(.text)
    Ql_osTakeMutex                           0x085442b7   Thumb Code    48  ql_func.o(.text)
    Ql_osGiveMutex                           0x085442e7   Thumb Code    48  ql_func.o(.text)
    Ql_osCreateSemaphore                     0x08544317   Thumb Code    54  ql_func.o(.text)
    Ql_osTakeSemaphore                       0x0854434d   Thumb Code    54  ql_func.o(.text)
    Ql_osGiveSemaphore                       0x08544383   Thumb Code    48  ql_func.o(.text)
    Ql_SetLastErrorCode                      0x085443b3   Thumb Code    50  ql_func.o(.text)
    Ql_GetLastErrorCode                      0x085443e5   Thumb Code    50  ql_func.o(.text)
    Ql_osGetCurrentTaskPriority              0x08544417   Thumb Code    44  ql_func.o(.text)
    Ql_osGetCurrenTaskRemainStackSize        0x08544443   Thumb Code    44  ql_func.o(.text)
    Ql_osChangeTaskPriority                  0x0854446f   Thumb Code    54  ql_func.o(.text)
    Ql_Fota_Core_Init                        0x085444a5   Thumb Code    42  ql_func.o(.text)
    Ql_Fota_Core_Write_Data                  0x085444cf   Thumb Code    54  ql_func.o(.text)
    Ql_Fota_Core_Finish                      0x08544505   Thumb Code    42  ql_func.o(.text)
    Ql_Fota_App_Init                         0x0854452f   Thumb Code    50  ql_func.o(.text)
    Ql_Fota_App_InitEx                       0x08544561   Thumb Code    50  ql_func.o(.text)
    Ql_Fota_App_Write_Data                   0x08544593   Thumb Code   502  ql_func.o(.text)
    Ql_Fota_App_Finish                       0x08544789   Thumb Code    40  ql_func.o(.text)
    Ql_Fota_Update                           0x085447b1   Thumb Code    44  ql_func.o(.text)
    Ql_TTS_Initialize                        0x085447dd   Thumb Code    50  ql_func.o(.text)
    Ql_TTS_Play                              0x0854480f   Thumb Code    56  ql_func.o(.text)
    Ql_TTS_PlayInCall                        0x08544847   Thumb Code    66  ql_func.o(.text)
    Ql_TTS_Stop                              0x08544889   Thumb Code    46  ql_func.o(.text)
    Ql_TTS_Query                             0x085448b7   Thumb Code    46  ql_func.o(.text)
    Ql_TTS_SetStyle                          0x085448e5   Thumb Code    56  ql_func.o(.text)
    Ql_GetFontData                           0x0854491d   Thumb Code    60  ql_func.o(.text)
    Ql_FTP_SetUserName                       0x08544959   Thumb Code    52  ql_func.o(.text)
    Ql_FTP_SetPasswd                         0x0854498d   Thumb Code    52  ql_func.o(.text)
    Ql_FTP_Connect                           0x085449c1   Thumb Code    60  ql_func.o(.text)
    Ql_FTP_Disconnect                        0x085449fd   Thumb Code    46  ql_func.o(.text)
    Ql_FTP_SetConnMode                       0x08544a2b   Thumb Code    52  ql_func.o(.text)
    Ql_FTP_SetTransMode                      0x08544a5f   Thumb Code    52  ql_func.o(.text)
    Ql_FTP_SetResumePoint                    0x08544a93   Thumb Code    52  ql_func.o(.text)
    Ql_FTP_SetLocalPos                       0x08544ac7   Thumb Code    52  ql_func.o(.text)
    Ql_FTP_SetSrvPath                        0x08544afb   Thumb Code    52  ql_func.o(.text)
    Ql_FTP_Upload                            0x08544b2f   Thumb Code   498  ql_func.o(.text)
    Ql_FTP_Download                          0x08544d21   Thumb Code    54  ql_func.o(.text)
    Ql_FTP_GetState                          0x08544d57   Thumb Code    44  ql_func.o(.text)
    Ql_FTP_GetTransLength                    0x08544d83   Thumb Code    44  ql_func.o(.text)
    Ql_ConvertCodec                          0x08544daf   Thumb Code    62  ql_func.o(.text)
    ocpu_isspace                             0x08544ded   Thumb Code    32  ql_func.o(.text)
    ocpu_isdigit                             0x08544e0d   Thumb Code    14  ql_func.o(.text)
    Ql_atoi                                  0x08544e1b   Thumb Code    74  ql_func.o(.text)
    ql_InitVFunc                             0x08544ec1   Thumb Code    58  ql_Main.o(.text)
    ql_main                                  0x08544efb   Thumb Code   100  ql_Main.o(.text)
    ql_entry                                 0x08544fcd   Thumb Code   180  entry.o(.text)
    ztp_subtask_1                            0x08545081   Thumb Code   356  entry.o(.text)
    ztp_subtask_2                            0x085451e5   Thumb Code   446  entry.o(.text)
    CbGprsAPNSet                             0x08545549   Thumb Code   118  transport.o(.text)
    GprsState                                0x085455bf   Thumb Code  1426  transport.o(.text)
    InitNetwork                              0x08545b51   Thumb Code    14  transport.o(.text)
    Cbnetwork_actived                        0x08545b5f   Thumb Code    80  transport.o(.text)
    Cbnetwork_deactived                      0x08545baf   Thumb Code    82  transport.o(.text)
    Cbsocket_connect                         0x08545c01   Thumb Code   176  transport.o(.text)
    Cbsocket_close                           0x08545cb1   Thumb Code    60  transport.o(.text)
    Cbsocket_read                            0x08545ced   Thumb Code     2  transport.o(.text)
    Cbsocket_write                           0x08545cef   Thumb Code     2  transport.o(.text)
    calc_crc                                 0x08545db5   Thumb Code    44  events.o(.text)
    ReverseUSort                             0x08545de1   Thumb Code    12  events.o(.text)
    ReverseUInt                              0x08545ded   Thumb Code    26  events.o(.text)
    WriteShort                               0x08545e07   Thumb Code    24  events.o(.text)
    BuildEvent                               0x08545e1f   Thumb Code    84  events.o(.text)
    BuildInput                               0x08545e73   Thumb Code   102  events.o(.text)
    SetEventTime                             0x08545ed9   Thumb Code    38  events.o(.text)
    TrigerEvent                              0x08545eff   Thumb Code    10  events.o(.text)
    WriteAddress                             0x08545f09   Thumb Code    32  events.o(.text)
    replace                                  0x08545f29   Thumb Code    38  events.o(.text)
    BuildEventMessage                        0x08545f4f   Thumb Code   292  events.o(.text)
    BuildInputStateMessage                   0x08546073   Thumb Code   126  events.o(.text)
    myAtoi                                   0x085460f1   Thumb Code    28  events.o(.text)
    ParseTextCommand                         0x0854610d   Thumb Code   400  events.o(.text)
    CheckTypePacket                          0x0854629d   Thumb Code   318  events.o(.text)
    ExtractPakets                            0x085463db   Thumb Code   224  events.o(.text)
    unreplace                                0x085464bb   Thumb Code    66  events.o(.text)
    WriteSettings                            0x085465c1   Thumb Code   188  utils.o(.text)
    SetDefaultSettins                        0x0854667d   Thumb Code    90  utils.o(.text)
    ReadSettings                             0x085466d7   Thumb Code   214  utils.o(.text)
    PrintSettings                            0x085467ad   Thumb Code   142  utils.o(.text)
    strtok_r                                 0x0854683b   Thumb Code    86  utils.o(.text)
    strtok                                   0x08546891   Thumb Code     4  utils.o(.text)
    setCommand                               0x08546895   Thumb Code   962  utils.o(.text)
    removeChar                               0x08546c57   Thumb Code    28  utils.o(.text)
    commandParce                             0x08546c73   Thumb Code    54  utils.o(.text)
    fillBuffer                               0x08546ca9   Thumb Code    52  utils.o(.text)
    ReadStateGpio                            0x08546d51   Thumb Code    56  mgpio.o(.text)
    SetModeGpio                              0x08546d89   Thumb Code   100  mgpio.o(.text)
    GetInputDescripon                        0x08546ded   Thumb Code   100  mgpio.o(.text)
    CheckStateGpio                           0x08546e51   Thumb Code   186  mgpio.o(.text)
    GetTextStateGpio                         0x08546f0b   Thumb Code   110  mgpio.o(.text)
    WriteEvents                              0x08546fbd   Thumb Code   154  files.o(.text)
    PrintMessage                             0x08547057   Thumb Code   150  files.o(.text)
    ReadEvents                               0x085470ed   Thumb Code   138  files.o(.text)
    ConfirmMsg                               0x08547177   Thumb Code   206  files.o(.text)
    CheckFiles                               0x08547245   Thumb Code    66  files.o(.text)
    GetTextTime                              0x08547331   Thumb Code    36  global.o(.text)
    __aeabi_idiv                             0x08547374   ARM Code       0  aeabi_sdiv.o(.text)
    __aeabi_idivmod                          0x08547374   ARM Code     384  aeabi_sdiv.o(.text)
    __ARM_switch8                            0x085474f4   ARM Code      24  switch8.o(.text)
    __rt_switch8                             0x085474f4   ARM Code       0  switch8.o(.text)
    __aeabi_uidiv                            0x0854750c   ARM Code       0  aeabi_sdiv.o(.text_udiv)
    __aeabi_uidivmod                         0x0854750c   ARM Code      28  aeabi_sdiv.o(.text_udiv)
    funcRegionInit                           0x08547528   ARM Code       0  image2dlms.o(init)
    qlOpenCPUHeapMemSize                     0x085478cc   Data           4  config.o(.constdata)
    qlMainTaskStackSize                      0x085478d0   Data           4  config.o(.constdata)
    qlMainTaskPriority                       0x085478d4   Data           4  config.o(.constdata)
    qlMainTaskExtqsize                       0x085478d8   Data           4  config.o(.constdata)
    Customer_user_qlconfig                   0x085478dc   Data          36  gpio.o(.constdata)
    Customer_QlPinConfigTable                0x08547900   Data        1032  gpio.o(.constdata)
    Load$$EXTSRAMCPU$$Base                   0x08547d2c   Number         0  anon$$obj.o(linker$$defined$$symbols)


================================================================================

Memory Map of the image

  Image entry point : Not specified.

  Load Region ROM (Base: 0x08540000, Size: 0x00008234, Max: 0x00080000, ABSOLUTE)

    Execution Region ROMCPU0 (Base: 0x08540000, Size: 0x0000002c, Max: 0xffffffff, ABSOLUTE)

    Base Addr    Size         Type   Attr      Idx    E Section Name        Object

    0x08540000   0x0000002c   Data   RO           13    GABADISP            ql_Main.o(app_start.lib)


    Execution Region ROMCPU1 (Base: 0x0854002c, Size: 0x00007d00, Max: 0xffffffff, ABSOLUTE)

    Base Addr    Size         Type   Attr      Idx    E Section Name        Object

    0x0854002c   0x00004e94   Code   RO            7    .text               ql_func.o(app_start.lib)
    0x08544ec0   0x0000010c   Code   RO           10    .text               ql_Main.o(app_start.lib)
    0x08544fcc   0x0000057c   Code   RO           16    .text               entry.o
    0x08545548   0x0000086c   Code   RO           22    .text               transport.o
    0x08545db4   0x0000080c   Code   RO           28    .text               events.o
    0x085465c0   0x00000790   Code   RO           34    .text               utils.o
    0x08546d50   0x0000026c   Code   RO           39    .text               mgpio.o
    0x08546fbc   0x00000374   Code   RO           42    .text               files.o
    0x08547330   0x00000044   Code   RO           47    .text               global.o
    0x08547374   0x00000180   Code   RO           62    .text               aeabi_sdiv.o(c_5.l)
    0x085474f4   0x00000018   Code   RO           82    .text               switch8.o(h_5.l)
    0x0854750c   0x0000001c   Code   RO           63    .text_udiv          aeabi_sdiv.o(c_5.l)
    0x08547528   0x0000009c   Code   RO            1    init                image2dlms.o(app_start.lib)
    0x085475c4   0x0000028d   Data   RO           30    .constdata          events.o
    0x08547851   0x00000003   PAD
    0x08547854   0x00000077   Data   RO           36    .constdata          utils.o
    0x085478cb   0x00000001   PAD
    0x085478cc   0x00000004   Data   RO           50    .constdata          config.o
    0x085478d0   0x00000004   Data   RO           51    .constdata          config.o
    0x085478d4   0x00000004   Data   RO           52    .constdata          config.o
    0x085478d8   0x00000004   Data   RO           53    .constdata          config.o
    0x085478dc   0x00000024   Data   RO           56    .constdata          gpio.o
    0x08547900   0x00000408   Data   RO           57    .constdata          gpio.o
    0x08547d08   0x0000000b   Data   RO           44    .conststring        files.o
    0x08547d13   0x00000017   Data   RO           14    .conststrlit        ql_Main.o(app_start.lib)


    Execution Region EXTSRAMCPU (Base: 0x00200000, Size: 0x00005ec8, Max: 0x00200000, ABSOLUTE)

    Base Addr    Size         Type   Attr      Idx    E Section Name        Object

    0x00200000   0x00000468   Data   RW            8    .data               ql_func.o(app_start.lib)
    0x00200468   0x0000000c   Data   RW           11    .data               ql_Main.o(app_start.lib)
    0x00200474   0x00000008   Data   RW           17    .data               entry.o
    0x0020047c   0x00000002   Data   RW           19    .data               entry.o
    0x0020047e   0x00000002   PAD
    0x00200480   0x00000004   Data   RW           20    .data               entry.o
    0x00200484   0x00000028   Data   RW           23    .data               transport.o
    0x002004ac   0x00000004   Data   RW           25    .data               transport.o
    0x002004b0   0x00000002   Data   RW           26    .data               transport.o
    0x002004b2   0x00000002   PAD
    0x002004b4   0x00000008   Data   RW           29    .data               events.o
    0x002004bc   0x00000002   Data   RW           32    .data               events.o
    0x002004be   0x00000002   PAD
    0x002004c0   0x00000008   Data   RW           35    .data               utils.o
    0x002004c8   0x00000006   Data   RW           40    .data               mgpio.o
    0x002004ce   0x00000002   PAD
    0x002004d0   0x00000008   Data   RW           43    .data               files.o
    0x002004d8   0x00000030   Data   RW           54    .data               config.o
    0x00200508   0x0000000c   Zero   RW           12    .bss                ql_Main.o(app_start.lib)
    0x00200514   0x00000c88   Zero   RW           18    .bss                entry.o
    0x0020119c   0x00000400   Zero   RW           24    .bss                transport.o
    0x0020159c   0x00002000   Zero   RW           31    .bss                events.o
    0x0020359c   0x00000064   Zero   RW           37    .bss                utils.o
    0x00203600   0x00000064   Zero   RW           45    .bss                files.o
    0x00203664   0x00000064   Zero   RW           48    .bss                global.o
    0x002036c8   0x00002800   Zero   RW           55    .bss                config.o


    Execution Region NV_EXTSRAM (Base: 0x00205ec8, Size: 0x00000000, Max: 0xffffffff, ABSOLUTE)

    **** No section assigned to this execution region ****

